2019-05-16 15:04:16 -Starting ApiApplication on HY-PC with PID 14020 (D:\simple\simple-template-2.0\cold_chain\api\target\classes started by Administrator in D:\simple\simple-template-2.0\cold_chain)
2019-05-16 15:04:16 -The following profiles are active: dev
2019-05-16 15:04:16 -Refreshing org.springframework.boot.web.servlet.context.AnnotationConfigServletWebServerApplicationContext@1e3c1c7: startup date [Thu May 16 15:04:16 CST 2019]; root of context hierarchy
2019-05-16 15:04:17 -Bean 'org.springframework.transaction.annotation.ProxyTransactionManagementConfiguration' of type [org.springframework.transaction.annotation.ProxyTransactionManagementConfiguration$$EnhancerBySpringCGLIB$$3a7f0de1] is not eligible for getting processed by all BeanPostProcessors (for example: not eligible for auto-proxying)
2019-05-16 15:04:17 -Tomcat initialized with port(s): 8080 (http)
2019-05-16 15:04:17 -Initializing ProtocolHandler ["http-nio-8080"]
2019-05-16 15:04:17 -Starting service [Tomcat]
2019-05-16 15:04:17 -Starting Servlet Engine: Apache Tomcat/8.5.31
2019-05-16 15:04:17 -The APR based Apache Tomcat Native library which allows optimal performance in production environments was not found on the java.library.path: [D:\Program Files (x86)\Java\jdk1.8.0_73\bin;C:\Windows\Sun\Java\bin;C:\Windows\system32;C:\Windows;C:\ProgramData\Oracle\Java\javapath;C:\Windows\system32;C:\Windows;C:\Windows\System32\Wbem;C:\Windows\System32\WindowsPowerShell\v1.0\;C:\Program Files\Intel\WiFi\bin\;C:\Program Files\Common Files\Intel\WirelessCommon\;C:\Program Files (x86)\Microsoft SQL Server\100\Tools\Binn\;C:\Program Files\Microsoft SQL Server\100\Tools\Binn\;C:\Program Files\Microsoft SQL Server\100\DTS\Binn\;C:\Program Files (x86)\Microsoft SQL Server\100\DTS\Binn\;C:\Program Files (x86)\Microsoft SQL Server\100\Tools\Binn\VSShell\Common7\IDE\;C:\Program Files (x86)\Microsoft Visual Studio 9.0\Common7\IDE\PrivateAssemblies\;C:\Program Files (x86)\GtkSharp\2.12\bin;D:\Work\mongo-cxx-driver-legacy-1.1.2\build\win32\32\dynamic-windows;D:\Work\mongo-cxx-driver-legacy-1.1.2\build\win32\32\dbg_on\dynamic-windows;D:\Work\mongo-cxx-driver-legacy-1.1.2\src;D:\Work\boost_1_60_0;D:\Work\boost_1_60_0\boost;D:\Work\kafka-gj\librdkafka-master\src;D:\Work\kafka-gj\librdkafka-master\src-cpp;C:\Program Files (x86)\Windows Kits\8.1\Windows Performance Toolkit\;C:\Program Files\Microsoft SQL Server\110\Tools\Binn\;C:\Program Files (x86)\Microsoft SDKs\TypeScript\1.0\;C:\Program Files\Microsoft SQL Server\120\Tools\Binn\;D:\mongodb\bin;C:\Program Files\TortoiseGit\bin;D:\Program Files (x86)\Java\jdk1.8.0_73\bin;D:\Program Files (x86)\Java\jdk1.8.0_73\jre\bin;C:\Program Files\MySQL\MySQL Utilities 1.6\;C:\Program Files\TortoiseSVN\bin;C:\Program Files\Intel\WiFi\bin\;C:\Program Files\Common Files\Intel\WirelessCommon\;D:\IntelliJ IDEA 2019.1\bin;;.]
2019-05-16 15:04:17 -Initializing Spring embedded WebApplicationContext
2019-05-16 15:04:17 -Root WebApplicationContext: initialization completed in 1755 ms
2019-05-16 15:04:18 -Mapping filter: 'characterEncodingFilter' to: [/*]
2019-05-16 15:04:18 -Mapping filter: 'hiddenHttpMethodFilter' to: [/*]
2019-05-16 15:04:18 -Mapping filter: 'httpPutFormContentFilter' to: [/*]
2019-05-16 15:04:18 -Mapping filter: 'requestContextFilter' to: [/*]
2019-05-16 15:04:18 -Mapping filter: 'xssFilter' to urls: [/*]
2019-05-16 15:04:18 -Servlet dispatcherServlet mapped to [/]
2019-05-16 15:04:19 -Mapped "{[/api/login],methods=[POST]}" onto public com.template.api.utils.R com.template.api.login.controller.ApiLoginController.login(com.template.api.form.LoginForm)
2019-05-16 15:04:19 -Mapped "{[/api/logout],methods=[POST]}" onto public com.template.api.utils.R com.template.api.login.controller.ApiLoginController.logout(long)
2019-05-16 15:04:19 -Mapped "{[/api/register],methods=[POST]}" onto public com.template.api.utils.R com.template.api.login.controller.ApiRegisterController.register(com.template.api.form.RegisterForm)
2019-05-16 15:04:19 -Mapped "{[/api/userId],methods=[GET]}" onto public com.template.api.utils.R com.template.api.login.controller.ApiTestController.userInfo(java.lang.Integer)
2019-05-16 15:04:19 -Mapped "{[/api/userInfo],methods=[GET]}" onto public com.template.api.utils.R com.template.api.login.controller.ApiTestController.userInfo(com.template.api.login.domain.TbUser)
2019-05-16 15:04:19 -Mapped "{[/api/notToken],methods=[GET]}" onto public com.template.api.utils.R com.template.api.login.controller.ApiTestController.notToken()
2019-05-16 15:04:19 -Mapped "{[/api/myTest],methods=[GET]}" onto public com.template.api.utils.R com.template.api.login.controller.ApiTestController.myTest(java.lang.Integer,javax.servlet.http.HttpServletRequest)
2019-05-16 15:04:19 -Mapped "{[/oaNotify/list],methods=[GET]}" onto public java.lang.Object com.template.api.notify.controller.OaNotifyController.list()
2019-05-16 15:04:19 -Mapped "{[/v2/api-docs],methods=[GET],produces=[application/json || application/hal+json]}" onto public org.springframework.http.ResponseEntity<springfox.documentation.spring.web.json.Json> springfox.documentation.swagger2.web.Swagger2Controller.getDocumentation(java.lang.String,javax.servlet.http.HttpServletRequest)
2019-05-16 15:04:19 -Mapped "{[/swagger-resources/configuration/security]}" onto org.springframework.http.ResponseEntity<springfox.documentation.swagger.web.SecurityConfiguration> springfox.documentation.swagger.web.ApiResourceController.securityConfiguration()
2019-05-16 15:04:19 -Mapped "{[/swagger-resources/configuration/ui]}" onto org.springframework.http.ResponseEntity<springfox.documentation.swagger.web.UiConfiguration> springfox.documentation.swagger.web.ApiResourceController.uiConfiguration()
2019-05-16 15:04:19 -Mapped "{[/swagger-resources]}" onto org.springframework.http.ResponseEntity<java.util.List<springfox.documentation.swagger.web.SwaggerResource>> springfox.documentation.swagger.web.ApiResourceController.swaggerResources()
2019-05-16 15:04:19 -Mapped "{[/error]}" onto public org.springframework.http.ResponseEntity<java.util.Map<java.lang.String, java.lang.Object>> org.springframework.boot.autoconfigure.web.servlet.error.BasicErrorController.error(javax.servlet.http.HttpServletRequest)
2019-05-16 15:04:19 -Mapped "{[/error],produces=[text/html]}" onto public org.springframework.web.servlet.ModelAndView org.springframework.boot.autoconfigure.web.servlet.error.BasicErrorController.errorHtml(javax.servlet.http.HttpServletRequest,javax.servlet.http.HttpServletResponse)
2019-05-16 15:04:19 -Mapped URL path [/**/favicon.ico] onto handler of type [class org.springframework.web.servlet.resource.ResourceHttpRequestHandler]
2019-05-16 15:04:19 -Looking for @ControllerAdvice: org.springframework.boot.web.servlet.context.AnnotationConfigServletWebServerApplicationContext@1e3c1c7: startup date [Thu May 16 15:04:16 CST 2019]; root of context hierarchy
2019-05-16 15:04:19 -Mapped URL path [/webjars/**] onto handler of type [class org.springframework.web.servlet.resource.ResourceHttpRequestHandler]
2019-05-16 15:04:19 -Mapped URL path [/**] onto handler of type [class org.springframework.web.servlet.resource.ResourceHttpRequestHandler]
2019-05-16 15:04:19 -Detected @ExceptionHandler methods in RRExceptionHandler
2019-05-16 15:04:19 -Cannot find template location: classpath:/templates/ (please add some templates or check your Thymeleaf configuration)
2019-05-16 15:04:20 -Registering beans for JMX exposure on startup
2019-05-16 15:04:20 -Bean with name 'dataSource' has been autodetected for JMX exposure
2019-05-16 15:04:20 -Located MBean 'dataSource': registering with JMX server as MBean [com.alibaba.druid.pool:name=dataSource,type=DruidDataSource]
2019-05-16 15:04:20 -Starting beans in phase 2147483647
2019-05-16 15:04:20 -Context refreshed
2019-05-16 15:04:20 -Found 1 custom documentation plugin(s)
2019-05-16 15:04:20 -Scanning for api listing references
2019-05-16 15:04:20 -Generating unique operation named: userInfoUsingGET_1
2019-05-16 15:04:20 -Starting ProtocolHandler ["http-nio-8080"]
2019-05-16 15:04:20 -Using a shared selector for servlet write/read
2019-05-16 15:04:20 -Tomcat started on port(s): 8080 (http) with context path '/api'
2019-05-16 15:04:20 -Started ApiApplication in 5.104 seconds (JVM running for 6.395)
2019-05-16 15:05:54 -Closing org.springframework.boot.web.servlet.context.AnnotationConfigServletWebServerApplicationContext@1e3c1c7: startup date [Thu May 16 15:04:16 CST 2019]; root of context hierarchy
2019-05-16 15:05:54 -Stopping beans in phase 2147483647
2019-05-16 15:05:54 -Unregistering JMX-exposed beans on shutdown
2019-05-16 15:05:54 -Unregistering JMX-exposed beans
2019-05-16 15:05:58 -Starting ApiApplication on HY-PC with PID 11344 (D:\simple\simple-template-2.0\cold_chain\api\target\classes started by Administrator in D:\simple\simple-template-2.0\cold_chain)
2019-05-16 15:05:58 -The following profiles are active: dev
2019-05-16 15:05:58 -Refreshing org.springframework.boot.web.servlet.context.AnnotationConfigServletWebServerApplicationContext@fde75f: startup date [Thu May 16 15:05:58 CST 2019]; root of context hierarchy
2019-05-16 15:05:59 -Bean 'org.springframework.transaction.annotation.ProxyTransactionManagementConfiguration' of type [org.springframework.transaction.annotation.ProxyTransactionManagementConfiguration$$EnhancerBySpringCGLIB$$a521a6a4] is not eligible for getting processed by all BeanPostProcessors (for example: not eligible for auto-proxying)
2019-05-16 15:06:00 -Tomcat initialized with port(s): 8080 (http)
2019-05-16 15:06:00 -Initializing ProtocolHandler ["http-nio-8080"]
2019-05-16 15:06:00 -Starting service [Tomcat]
2019-05-16 15:06:00 -Starting Servlet Engine: Apache Tomcat/8.5.31
2019-05-16 15:06:00 -The APR based Apache Tomcat Native library which allows optimal performance in production environments was not found on the java.library.path: [D:\Program Files (x86)\Java\jdk1.8.0_73\bin;C:\Windows\Sun\Java\bin;C:\Windows\system32;C:\Windows;C:\ProgramData\Oracle\Java\javapath;C:\Windows\system32;C:\Windows;C:\Windows\System32\Wbem;C:\Windows\System32\WindowsPowerShell\v1.0\;C:\Program Files\Intel\WiFi\bin\;C:\Program Files\Common Files\Intel\WirelessCommon\;C:\Program Files (x86)\Microsoft SQL Server\100\Tools\Binn\;C:\Program Files\Microsoft SQL Server\100\Tools\Binn\;C:\Program Files\Microsoft SQL Server\100\DTS\Binn\;C:\Program Files (x86)\Microsoft SQL Server\100\DTS\Binn\;C:\Program Files (x86)\Microsoft SQL Server\100\Tools\Binn\VSShell\Common7\IDE\;C:\Program Files (x86)\Microsoft Visual Studio 9.0\Common7\IDE\PrivateAssemblies\;C:\Program Files (x86)\GtkSharp\2.12\bin;D:\Work\mongo-cxx-driver-legacy-1.1.2\build\win32\32\dynamic-windows;D:\Work\mongo-cxx-driver-legacy-1.1.2\build\win32\32\dbg_on\dynamic-windows;D:\Work\mongo-cxx-driver-legacy-1.1.2\src;D:\Work\boost_1_60_0;D:\Work\boost_1_60_0\boost;D:\Work\kafka-gj\librdkafka-master\src;D:\Work\kafka-gj\librdkafka-master\src-cpp;C:\Program Files (x86)\Windows Kits\8.1\Windows Performance Toolkit\;C:\Program Files\Microsoft SQL Server\110\Tools\Binn\;C:\Program Files (x86)\Microsoft SDKs\TypeScript\1.0\;C:\Program Files\Microsoft SQL Server\120\Tools\Binn\;D:\mongodb\bin;C:\Program Files\TortoiseGit\bin;D:\Program Files (x86)\Java\jdk1.8.0_73\bin;D:\Program Files (x86)\Java\jdk1.8.0_73\jre\bin;C:\Program Files\MySQL\MySQL Utilities 1.6\;C:\Program Files\TortoiseSVN\bin;C:\Program Files\Intel\WiFi\bin\;C:\Program Files\Common Files\Intel\WirelessCommon\;D:\IntelliJ IDEA 2019.1\bin;;.]
2019-05-16 15:06:00 -Initializing Spring embedded WebApplicationContext
2019-05-16 15:06:00 -Root WebApplicationContext: initialization completed in 1704 ms
2019-05-16 15:06:00 -Mapping filter: 'characterEncodingFilter' to: [/*]
2019-05-16 15:06:00 -Mapping filter: 'hiddenHttpMethodFilter' to: [/*]
2019-05-16 15:06:00 -Mapping filter: 'httpPutFormContentFilter' to: [/*]
2019-05-16 15:06:00 -Mapping filter: 'requestContextFilter' to: [/*]
2019-05-16 15:06:00 -Mapping filter: 'xssFilter' to urls: [/*]
2019-05-16 15:06:00 -Servlet dispatcherServlet mapped to [/]
2019-05-16 15:06:01 -Mapped "{[/api/login],methods=[POST]}" onto public com.template.api.utils.R com.template.api.login.controller.ApiLoginController.login(com.template.api.form.LoginForm)
2019-05-16 15:06:01 -Mapped "{[/api/logout],methods=[POST]}" onto public com.template.api.utils.R com.template.api.login.controller.ApiLoginController.logout(long)
2019-05-16 15:06:01 -Mapped "{[/api/register],methods=[POST]}" onto public com.template.api.utils.R com.template.api.login.controller.ApiRegisterController.register(com.template.api.form.RegisterForm)
2019-05-16 15:06:01 -Mapped "{[/api/userId],methods=[GET]}" onto public com.template.api.utils.R com.template.api.login.controller.ApiTestController.userInfo(java.lang.Integer)
2019-05-16 15:06:01 -Mapped "{[/api/userInfo],methods=[GET]}" onto public com.template.api.utils.R com.template.api.login.controller.ApiTestController.userInfo(com.template.api.login.domain.TbUser)
2019-05-16 15:06:01 -Mapped "{[/api/notToken],methods=[GET]}" onto public com.template.api.utils.R com.template.api.login.controller.ApiTestController.notToken()
2019-05-16 15:06:01 -Mapped "{[/api/myTest],methods=[GET]}" onto public com.template.api.utils.R com.template.api.login.controller.ApiTestController.myTest(java.lang.Integer,javax.servlet.http.HttpServletRequest)
2019-05-16 15:06:01 -Mapped "{[/oaNotify/list],methods=[GET]}" onto public java.lang.Object com.template.api.notify.controller.OaNotifyController.list()
2019-05-16 15:06:01 -Mapped "{[/v2/api-docs],methods=[GET],produces=[application/json || application/hal+json]}" onto public org.springframework.http.ResponseEntity<springfox.documentation.spring.web.json.Json> springfox.documentation.swagger2.web.Swagger2Controller.getDocumentation(java.lang.String,javax.servlet.http.HttpServletRequest)
2019-05-16 15:06:01 -Mapped "{[/swagger-resources/configuration/ui]}" onto org.springframework.http.ResponseEntity<springfox.documentation.swagger.web.UiConfiguration> springfox.documentation.swagger.web.ApiResourceController.uiConfiguration()
2019-05-16 15:06:01 -Mapped "{[/swagger-resources]}" onto org.springframework.http.ResponseEntity<java.util.List<springfox.documentation.swagger.web.SwaggerResource>> springfox.documentation.swagger.web.ApiResourceController.swaggerResources()
2019-05-16 15:06:01 -Mapped "{[/swagger-resources/configuration/security]}" onto org.springframework.http.ResponseEntity<springfox.documentation.swagger.web.SecurityConfiguration> springfox.documentation.swagger.web.ApiResourceController.securityConfiguration()
2019-05-16 15:06:01 -Mapped "{[/error]}" onto public org.springframework.http.ResponseEntity<java.util.Map<java.lang.String, java.lang.Object>> org.springframework.boot.autoconfigure.web.servlet.error.BasicErrorController.error(javax.servlet.http.HttpServletRequest)
2019-05-16 15:06:01 -Mapped "{[/error],produces=[text/html]}" onto public org.springframework.web.servlet.ModelAndView org.springframework.boot.autoconfigure.web.servlet.error.BasicErrorController.errorHtml(javax.servlet.http.HttpServletRequest,javax.servlet.http.HttpServletResponse)
2019-05-16 15:06:02 -Mapped URL path [/**/favicon.ico] onto handler of type [class org.springframework.web.servlet.resource.ResourceHttpRequestHandler]
2019-05-16 15:06:02 -Looking for @ControllerAdvice: org.springframework.boot.web.servlet.context.AnnotationConfigServletWebServerApplicationContext@fde75f: startup date [Thu May 16 15:05:58 CST 2019]; root of context hierarchy
2019-05-16 15:06:02 -Mapped URL path [/webjars/**] onto handler of type [class org.springframework.web.servlet.resource.ResourceHttpRequestHandler]
2019-05-16 15:06:02 -Mapped URL path [/**] onto handler of type [class org.springframework.web.servlet.resource.ResourceHttpRequestHandler]
2019-05-16 15:06:02 -Detected @ExceptionHandler methods in RRExceptionHandler
2019-05-16 15:06:02 -Cannot find template location: classpath:/templates/ (please add some templates or check your Thymeleaf configuration)
2019-05-16 15:06:03 -Registering beans for JMX exposure on startup
2019-05-16 15:06:03 -Bean with name 'dataSource' has been autodetected for JMX exposure
2019-05-16 15:06:03 -Located MBean 'dataSource': registering with JMX server as MBean [com.alibaba.druid.pool:name=dataSource,type=DruidDataSource]
2019-05-16 15:06:03 -Starting beans in phase 2147483647
2019-05-16 15:06:03 -Context refreshed
2019-05-16 15:06:03 -Found 1 custom documentation plugin(s)
2019-05-16 15:06:03 -Scanning for api listing references
2019-05-16 15:06:03 -Generating unique operation named: userInfoUsingGET_1
2019-05-16 15:06:03 -Starting ProtocolHandler ["http-nio-8080"]
2019-05-16 15:06:03 -Using a shared selector for servlet write/read
2019-05-16 15:06:03 -Tomcat started on port(s): 8080 (http) with context path '/api'
2019-05-16 15:06:03 -Started ApiApplication in 4.957 seconds (JVM running for 6.011)
2019-05-16 15:06:47 -Initializing Spring FrameworkServlet 'dispatcherServlet'
2019-05-16 15:06:47 -FrameworkServlet 'dispatcherServlet': initialization started
2019-05-16 15:06:47 -FrameworkServlet 'dispatcherServlet': initialization completed in 34 ms
2019-05-16 15:07:39 -请求地址 : http://localhost:8080/api/api/login
2019-05-16 15:07:39 -HTTP METHOD : POST
2019-05-16 15:07:39 -CLASS_METHOD : com.template.api.login.controller.ApiLoginController.login
2019-05-16 15:07:39 -参数 : [LoginForm(mobile=18554056223, password=123456)]
2019-05-16 15:07:40 -{dataSource-1} inited
2019-05-16 19:00:22 -请求地址 : http://localhost:8080/api/api/login
2019-05-16 19:00:22 -HTTP METHOD : POST
2019-05-16 19:00:22 -CLASS_METHOD : com.template.api.login.controller.ApiLoginController.login
2019-05-16 19:00:22 -参数 : [LoginForm(mobile=18554056223, password=123456)]
2019-05-16 19:33:07 -Closing org.springframework.boot.web.servlet.context.AnnotationConfigServletWebServerApplicationContext@fde75f: startup date [Thu May 16 15:05:58 CST 2019]; root of context hierarchy
2019-05-16 19:33:07 -Stopping beans in phase 2147483647
2019-05-16 19:33:07 -Unregistering JMX-exposed beans on shutdown
2019-05-16 19:33:08 -Unregistering JMX-exposed beans
2019-05-16 19:33:08 -{dataSource-1} closed
