2019-05-17 09:32:19 -Starting ApiApplication on HY-PC with PID 14848 (D:\simple\simple-template-2.0\cold_chain\api\target\classes started by Administrator in D:\simple\simple-template-2.0\cold_chain)
2019-05-17 09:32:19 -The following profiles are active: dev
2019-05-17 09:32:19 -Refreshing org.springframework.boot.web.servlet.context.AnnotationConfigServletWebServerApplicationContext@111ba37: startup date [Fri May 17 09:32:19 CST 2019]; root of context hierarchy
2019-05-17 09:32:20 -Bean 'org.springframework.transaction.annotation.ProxyTransactionManagementConfiguration' of type [org.springframework.transaction.annotation.ProxyTransactionManagementConfiguration$$EnhancerBySpringCGLIB$$88e399b2] is not eligible for getting processed by all BeanPostProcessors (for example: not eligible for auto-proxying)
2019-05-17 09:32:20 -Tomcat initialized with port(s): 8080 (http)
2019-05-17 09:32:20 -Initializing ProtocolHandler ["http-nio-8080"]
2019-05-17 09:32:20 -Starting service [Tomcat]
2019-05-17 09:32:20 -Starting Servlet Engine: Apache Tomcat/8.5.31
2019-05-17 09:32:20 -The APR based Apache Tomcat Native library which allows optimal performance in production environments was not found on the java.library.path: [D:\Program Files (x86)\Java\jdk1.8.0_73\bin;C:\Windows\Sun\Java\bin;C:\Windows\system32;C:\Windows;C:\ProgramData\Oracle\Java\javapath;C:\Windows\system32;C:\Windows;C:\Windows\System32\Wbem;C:\Windows\System32\WindowsPowerShell\v1.0\;C:\Program Files\Intel\WiFi\bin\;C:\Program Files\Common Files\Intel\WirelessCommon\;C:\Program Files (x86)\Microsoft SQL Server\100\Tools\Binn\;C:\Program Files\Microsoft SQL Server\100\Tools\Binn\;C:\Program Files\Microsoft SQL Server\100\DTS\Binn\;C:\Program Files (x86)\Microsoft SQL Server\100\DTS\Binn\;C:\Program Files (x86)\Microsoft SQL Server\100\Tools\Binn\VSShell\Common7\IDE\;C:\Program Files (x86)\Microsoft Visual Studio 9.0\Common7\IDE\PrivateAssemblies\;C:\Program Files (x86)\GtkSharp\2.12\bin;D:\Work\mongo-cxx-driver-legacy-1.1.2\build\win32\32\dynamic-windows;D:\Work\mongo-cxx-driver-legacy-1.1.2\build\win32\32\dbg_on\dynamic-windows;D:\Work\mongo-cxx-driver-legacy-1.1.2\src;D:\Work\boost_1_60_0;D:\Work\boost_1_60_0\boost;D:\Work\kafka-gj\librdkafka-master\src;D:\Work\kafka-gj\librdkafka-master\src-cpp;C:\Program Files (x86)\Windows Kits\8.1\Windows Performance Toolkit\;C:\Program Files\Microsoft SQL Server\110\Tools\Binn\;C:\Program Files (x86)\Microsoft SDKs\TypeScript\1.0\;C:\Program Files\Microsoft SQL Server\120\Tools\Binn\;D:\mongodb\bin;C:\Program Files\TortoiseGit\bin;D:\Program Files (x86)\Java\jdk1.8.0_73\bin;D:\Program Files (x86)\Java\jdk1.8.0_73\jre\bin;C:\Program Files\MySQL\MySQL Utilities 1.6\;C:\Program Files\TortoiseSVN\bin;C:\Program Files\Intel\WiFi\bin\;C:\Program Files\Common Files\Intel\WirelessCommon\;D:\IntelliJ IDEA 2019.1\bin;;.]
2019-05-17 09:32:21 -Initializing Spring embedded WebApplicationContext
2019-05-17 09:32:21 -Root WebApplicationContext: initialization completed in 1908 ms
2019-05-17 09:32:21 -Mapping filter: 'characterEncodingFilter' to: [/*]
2019-05-17 09:32:21 -Mapping filter: 'hiddenHttpMethodFilter' to: [/*]
2019-05-17 09:32:21 -Mapping filter: 'httpPutFormContentFilter' to: [/*]
2019-05-17 09:32:21 -Mapping filter: 'requestContextFilter' to: [/*]
2019-05-17 09:32:21 -Mapping filter: 'xssFilter' to urls: [/*]
2019-05-17 09:32:21 -Servlet dispatcherServlet mapped to [/]
2019-05-17 09:32:22 -Mapped "{[/api/login],methods=[POST]}" onto public com.template.api.utils.R com.template.api.login.controller.ApiLoginController.login(com.template.api.form.LoginForm)
2019-05-17 09:32:22 -Mapped "{[/api/logout],methods=[POST]}" onto public com.template.api.utils.R com.template.api.login.controller.ApiLoginController.logout(long)
2019-05-17 09:32:22 -Mapped "{[/api/register],methods=[POST]}" onto public com.template.api.utils.R com.template.api.login.controller.ApiRegisterController.register(com.template.api.form.RegisterForm)
2019-05-17 09:32:22 -Mapped "{[/api/userId],methods=[GET]}" onto public com.template.api.utils.R com.template.api.login.controller.ApiTestController.userInfo(java.lang.Integer)
2019-05-17 09:32:22 -Mapped "{[/api/userInfo],methods=[GET]}" onto public com.template.api.utils.R com.template.api.login.controller.ApiTestController.userInfo(com.template.api.login.domain.TbUser)
2019-05-17 09:32:22 -Mapped "{[/api/notToken],methods=[GET]}" onto public com.template.api.utils.R com.template.api.login.controller.ApiTestController.notToken()
2019-05-17 09:32:22 -Mapped "{[/api/myTest],methods=[GET]}" onto public com.template.api.utils.R com.template.api.login.controller.ApiTestController.myTest(java.lang.Integer,javax.servlet.http.HttpServletRequest)
2019-05-17 09:32:22 -Mapped "{[/api/list],methods=[GET]}" onto public java.lang.Object com.template.api.notify.controller.OaNotifyController.list()
2019-05-17 09:32:22 -Mapped "{[/v2/api-docs],methods=[GET],produces=[application/json || application/hal+json]}" onto public org.springframework.http.ResponseEntity<springfox.documentation.spring.web.json.Json> springfox.documentation.swagger2.web.Swagger2Controller.getDocumentation(java.lang.String,javax.servlet.http.HttpServletRequest)
2019-05-17 09:32:22 -Mapped "{[/swagger-resources/configuration/ui]}" onto org.springframework.http.ResponseEntity<springfox.documentation.swagger.web.UiConfiguration> springfox.documentation.swagger.web.ApiResourceController.uiConfiguration()
2019-05-17 09:32:22 -Mapped "{[/swagger-resources]}" onto org.springframework.http.ResponseEntity<java.util.List<springfox.documentation.swagger.web.SwaggerResource>> springfox.documentation.swagger.web.ApiResourceController.swaggerResources()
2019-05-17 09:32:22 -Mapped "{[/swagger-resources/configuration/security]}" onto org.springframework.http.ResponseEntity<springfox.documentation.swagger.web.SecurityConfiguration> springfox.documentation.swagger.web.ApiResourceController.securityConfiguration()
2019-05-17 09:32:22 -Mapped "{[/error]}" onto public org.springframework.http.ResponseEntity<java.util.Map<java.lang.String, java.lang.Object>> org.springframework.boot.autoconfigure.web.servlet.error.BasicErrorController.error(javax.servlet.http.HttpServletRequest)
2019-05-17 09:32:22 -Mapped "{[/error],produces=[text/html]}" onto public org.springframework.web.servlet.ModelAndView org.springframework.boot.autoconfigure.web.servlet.error.BasicErrorController.errorHtml(javax.servlet.http.HttpServletRequest,javax.servlet.http.HttpServletResponse)
2019-05-17 09:32:22 -Mapped URL path [/**/favicon.ico] onto handler of type [class org.springframework.web.servlet.resource.ResourceHttpRequestHandler]
2019-05-17 09:32:22 -Looking for @ControllerAdvice: org.springframework.boot.web.servlet.context.AnnotationConfigServletWebServerApplicationContext@111ba37: startup date [Fri May 17 09:32:19 CST 2019]; root of context hierarchy
2019-05-17 09:32:22 -Mapped URL path [/webjars/**] onto handler of type [class org.springframework.web.servlet.resource.ResourceHttpRequestHandler]
2019-05-17 09:32:22 -Mapped URL path [/**] onto handler of type [class org.springframework.web.servlet.resource.ResourceHttpRequestHandler]
2019-05-17 09:32:22 -Detected @ExceptionHandler methods in RRExceptionHandler
2019-05-17 09:32:23 -Cannot find template location: classpath:/templates/ (please add some templates or check your Thymeleaf configuration)
2019-05-17 09:32:23 -Registering beans for JMX exposure on startup
2019-05-17 09:32:23 -Bean with name 'dataSource' has been autodetected for JMX exposure
2019-05-17 09:32:23 -Located MBean 'dataSource': registering with JMX server as MBean [com.alibaba.druid.pool:name=dataSource,type=DruidDataSource]
2019-05-17 09:32:23 -Starting beans in phase 2147483647
2019-05-17 09:32:23 -Context refreshed
2019-05-17 09:32:23 -Found 1 custom documentation plugin(s)
2019-05-17 09:32:23 -Scanning for api listing references
2019-05-17 09:32:23 -Generating unique operation named: userInfoUsingGET_1
2019-05-17 09:32:23 -Starting ProtocolHandler ["http-nio-8080"]
2019-05-17 09:32:23 -Failed to start connector [Connector[HTTP/1.1-8080]]
org.apache.catalina.LifecycleException: Failed to start component [Connector[HTTP/1.1-8080]]
	at org.apache.catalina.util.LifecycleBase.start(LifecycleBase.java:167)
	at org.apache.catalina.core.StandardService.addConnector(StandardService.java:225)
	at org.springframework.boot.web.embedded.tomcat.TomcatWebServer.addPreviouslyRemovedConnectors(TomcatWebServer.java:256)
	at org.springframework.boot.web.embedded.tomcat.TomcatWebServer.start(TomcatWebServer.java:198)
	at org.springframework.boot.web.servlet.context.ServletWebServerApplicationContext.startWebServer(ServletWebServerApplicationContext.java:300)
	at org.springframework.boot.web.servlet.context.ServletWebServerApplicationContext.finishRefresh(ServletWebServerApplicationContext.java:162)
	at org.springframework.context.support.AbstractApplicationContext.refresh(AbstractApplicationContext.java:553)
	at org.springframework.boot.web.servlet.context.ServletWebServerApplicationContext.refresh(ServletWebServerApplicationContext.java:140)
	at org.springframework.boot.SpringApplication.refresh(SpringApplication.java:759)
	at org.springframework.boot.SpringApplication.refreshContext(SpringApplication.java:395)
	at org.springframework.boot.SpringApplication.run(SpringApplication.java:327)
	at org.springframework.boot.SpringApplication.run(SpringApplication.java:1255)
	at org.springframework.boot.SpringApplication.run(SpringApplication.java:1243)
	at com.template.api.ApiApplication.main(ApiApplication.java:10)
Caused by: org.apache.catalina.LifecycleException: Protocol handler start failed
	at org.apache.catalina.connector.Connector.startInternal(Connector.java:1020)
	at org.apache.catalina.util.LifecycleBase.start(LifecycleBase.java:150)
	... 13 common frames omitted
Caused by: java.net.BindException: Address already in use: bind
	at sun.nio.ch.Net.bind0(Native Method)
	at sun.nio.ch.Net.bind(Net.java:433)
	at sun.nio.ch.Net.bind(Net.java:425)
	at sun.nio.ch.ServerSocketChannelImpl.bind(ServerSocketChannelImpl.java:223)
	at sun.nio.ch.ServerSocketAdaptor.bind(ServerSocketAdaptor.java:74)
	at org.apache.tomcat.util.net.NioEndpoint.bind(NioEndpoint.java:210)
	at org.apache.tomcat.util.net.AbstractEndpoint.start(AbstractEndpoint.java:1150)
	at org.apache.coyote.AbstractProtocol.start(AbstractProtocol.java:591)
	at org.apache.catalina.connector.Connector.startInternal(Connector.java:1018)
	... 14 common frames omitted
2019-05-17 09:32:23 -Pausing ProtocolHandler ["http-nio-8080"]
2019-05-17 09:32:23 -Stopping service [Tomcat]
2019-05-17 09:32:23 -The stop() method was called on component [StandardServer[-1]] after stop() had already been called. The second call will be ignored.
2019-05-17 09:32:23 -Stopping ProtocolHandler ["http-nio-8080"]
2019-05-17 09:32:23 -Destroying ProtocolHandler ["http-nio-8080"]
2019-05-17 09:32:23 -

Error starting ApplicationContext. To display the conditions report re-run your application with 'debug' enabled.
2019-05-17 09:32:23 -

***************************
APPLICATION FAILED TO START
***************************

Description:

The Tomcat connector configured to listen on port 8080 failed to start. The port may already be in use or the connector may be misconfigured.

Action:

Verify the connector's configuration, identify and stop any process that's listening on port 8080, or configure this application to listen on another port.

2019-05-17 09:32:23 -Closing org.springframework.boot.web.servlet.context.AnnotationConfigServletWebServerApplicationContext@111ba37: startup date [Fri May 17 09:32:19 CST 2019]; root of context hierarchy
2019-05-17 09:32:23 -Stopping beans in phase 2147483647
2019-05-17 09:32:23 -Unregistering JMX-exposed beans on shutdown
2019-05-17 09:32:23 -Unregistering JMX-exposed beans
2019-05-17 09:32:40 -Starting ApiApplication on HY-PC with PID 15180 (D:\simple\simple-template-2.0\cold_chain\api\target\classes started by Administrator in D:\simple\simple-template-2.0\cold_chain)
2019-05-17 09:32:40 -The following profiles are active: dev
2019-05-17 09:32:40 -Refreshing org.springframework.boot.web.servlet.context.AnnotationConfigServletWebServerApplicationContext@fde75f: startup date [Fri May 17 09:32:40 CST 2019]; root of context hierarchy
2019-05-17 09:32:41 -Bean 'org.springframework.transaction.annotation.ProxyTransactionManagementConfiguration' of type [org.springframework.transaction.annotation.ProxyTransactionManagementConfiguration$$EnhancerBySpringCGLIB$$d4a2dcaf] is not eligible for getting processed by all BeanPostProcessors (for example: not eligible for auto-proxying)
2019-05-17 09:32:41 -Tomcat initialized with port(s): 8080 (http)
2019-05-17 09:32:41 -Initializing ProtocolHandler ["http-nio-8080"]
2019-05-17 09:32:42 -Starting service [Tomcat]
2019-05-17 09:32:42 -Starting Servlet Engine: Apache Tomcat/8.5.31
2019-05-17 09:32:42 -The APR based Apache Tomcat Native library which allows optimal performance in production environments was not found on the java.library.path: [D:\Program Files (x86)\Java\jdk1.8.0_73\bin;C:\Windows\Sun\Java\bin;C:\Windows\system32;C:\Windows;C:\ProgramData\Oracle\Java\javapath;C:\Windows\system32;C:\Windows;C:\Windows\System32\Wbem;C:\Windows\System32\WindowsPowerShell\v1.0\;C:\Program Files\Intel\WiFi\bin\;C:\Program Files\Common Files\Intel\WirelessCommon\;C:\Program Files (x86)\Microsoft SQL Server\100\Tools\Binn\;C:\Program Files\Microsoft SQL Server\100\Tools\Binn\;C:\Program Files\Microsoft SQL Server\100\DTS\Binn\;C:\Program Files (x86)\Microsoft SQL Server\100\DTS\Binn\;C:\Program Files (x86)\Microsoft SQL Server\100\Tools\Binn\VSShell\Common7\IDE\;C:\Program Files (x86)\Microsoft Visual Studio 9.0\Common7\IDE\PrivateAssemblies\;C:\Program Files (x86)\GtkSharp\2.12\bin;D:\Work\mongo-cxx-driver-legacy-1.1.2\build\win32\32\dynamic-windows;D:\Work\mongo-cxx-driver-legacy-1.1.2\build\win32\32\dbg_on\dynamic-windows;D:\Work\mongo-cxx-driver-legacy-1.1.2\src;D:\Work\boost_1_60_0;D:\Work\boost_1_60_0\boost;D:\Work\kafka-gj\librdkafka-master\src;D:\Work\kafka-gj\librdkafka-master\src-cpp;C:\Program Files (x86)\Windows Kits\8.1\Windows Performance Toolkit\;C:\Program Files\Microsoft SQL Server\110\Tools\Binn\;C:\Program Files (x86)\Microsoft SDKs\TypeScript\1.0\;C:\Program Files\Microsoft SQL Server\120\Tools\Binn\;D:\mongodb\bin;C:\Program Files\TortoiseGit\bin;D:\Program Files (x86)\Java\jdk1.8.0_73\bin;D:\Program Files (x86)\Java\jdk1.8.0_73\jre\bin;C:\Program Files\MySQL\MySQL Utilities 1.6\;C:\Program Files\TortoiseSVN\bin;C:\Program Files\Intel\WiFi\bin\;C:\Program Files\Common Files\Intel\WirelessCommon\;D:\IntelliJ IDEA 2019.1\bin;;.]
2019-05-17 09:32:42 -Initializing Spring embedded WebApplicationContext
2019-05-17 09:32:42 -Root WebApplicationContext: initialization completed in 1817 ms
2019-05-17 09:32:42 -Mapping filter: 'characterEncodingFilter' to: [/*]
2019-05-17 09:32:42 -Mapping filter: 'hiddenHttpMethodFilter' to: [/*]
2019-05-17 09:32:42 -Mapping filter: 'httpPutFormContentFilter' to: [/*]
2019-05-17 09:32:42 -Mapping filter: 'requestContextFilter' to: [/*]
2019-05-17 09:32:42 -Mapping filter: 'xssFilter' to urls: [/*]
2019-05-17 09:32:42 -Servlet dispatcherServlet mapped to [/]
2019-05-17 09:32:43 -Mapped "{[/api/login],methods=[POST]}" onto public com.template.api.utils.R com.template.api.login.controller.ApiLoginController.login(com.template.api.form.LoginForm)
2019-05-17 09:32:43 -Mapped "{[/api/logout],methods=[POST]}" onto public com.template.api.utils.R com.template.api.login.controller.ApiLoginController.logout(long)
2019-05-17 09:32:43 -Mapped "{[/api/register],methods=[POST]}" onto public com.template.api.utils.R com.template.api.login.controller.ApiRegisterController.register(com.template.api.form.RegisterForm)
2019-05-17 09:32:43 -Mapped "{[/api/userId],methods=[GET]}" onto public com.template.api.utils.R com.template.api.login.controller.ApiTestController.userInfo(java.lang.Integer)
2019-05-17 09:32:43 -Mapped "{[/api/userInfo],methods=[GET]}" onto public com.template.api.utils.R com.template.api.login.controller.ApiTestController.userInfo(com.template.api.login.domain.TbUser)
2019-05-17 09:32:43 -Mapped "{[/api/notToken],methods=[GET]}" onto public com.template.api.utils.R com.template.api.login.controller.ApiTestController.notToken()
2019-05-17 09:32:43 -Mapped "{[/api/myTest],methods=[GET]}" onto public com.template.api.utils.R com.template.api.login.controller.ApiTestController.myTest(java.lang.Integer,javax.servlet.http.HttpServletRequest)
2019-05-17 09:32:43 -Mapped "{[/api/list],methods=[GET]}" onto public java.lang.Object com.template.api.notify.controller.OaNotifyController.list()
2019-05-17 09:32:43 -Mapped "{[/v2/api-docs],methods=[GET],produces=[application/json || application/hal+json]}" onto public org.springframework.http.ResponseEntity<springfox.documentation.spring.web.json.Json> springfox.documentation.swagger2.web.Swagger2Controller.getDocumentation(java.lang.String,javax.servlet.http.HttpServletRequest)
2019-05-17 09:32:43 -Mapped "{[/swagger-resources/configuration/ui]}" onto org.springframework.http.ResponseEntity<springfox.documentation.swagger.web.UiConfiguration> springfox.documentation.swagger.web.ApiResourceController.uiConfiguration()
2019-05-17 09:32:43 -Mapped "{[/swagger-resources]}" onto org.springframework.http.ResponseEntity<java.util.List<springfox.documentation.swagger.web.SwaggerResource>> springfox.documentation.swagger.web.ApiResourceController.swaggerResources()
2019-05-17 09:32:43 -Mapped "{[/swagger-resources/configuration/security]}" onto org.springframework.http.ResponseEntity<springfox.documentation.swagger.web.SecurityConfiguration> springfox.documentation.swagger.web.ApiResourceController.securityConfiguration()
2019-05-17 09:32:43 -Mapped "{[/error]}" onto public org.springframework.http.ResponseEntity<java.util.Map<java.lang.String, java.lang.Object>> org.springframework.boot.autoconfigure.web.servlet.error.BasicErrorController.error(javax.servlet.http.HttpServletRequest)
2019-05-17 09:32:43 -Mapped "{[/error],produces=[text/html]}" onto public org.springframework.web.servlet.ModelAndView org.springframework.boot.autoconfigure.web.servlet.error.BasicErrorController.errorHtml(javax.servlet.http.HttpServletRequest,javax.servlet.http.HttpServletResponse)
2019-05-17 09:32:43 -Mapped URL path [/**/favicon.ico] onto handler of type [class org.springframework.web.servlet.resource.ResourceHttpRequestHandler]
2019-05-17 09:32:43 -Looking for @ControllerAdvice: org.springframework.boot.web.servlet.context.AnnotationConfigServletWebServerApplicationContext@fde75f: startup date [Fri May 17 09:32:40 CST 2019]; root of context hierarchy
2019-05-17 09:32:43 -Mapped URL path [/webjars/**] onto handler of type [class org.springframework.web.servlet.resource.ResourceHttpRequestHandler]
2019-05-17 09:32:43 -Mapped URL path [/**] onto handler of type [class org.springframework.web.servlet.resource.ResourceHttpRequestHandler]
2019-05-17 09:32:44 -Detected @ExceptionHandler methods in RRExceptionHandler
2019-05-17 09:32:44 -Cannot find template location: classpath:/templates/ (please add some templates or check your Thymeleaf configuration)
2019-05-17 09:32:44 -Registering beans for JMX exposure on startup
2019-05-17 09:32:44 -Bean with name 'dataSource' has been autodetected for JMX exposure
2019-05-17 09:32:44 -Located MBean 'dataSource': registering with JMX server as MBean [com.alibaba.druid.pool:name=dataSource,type=DruidDataSource]
2019-05-17 09:32:44 -Starting beans in phase 2147483647
2019-05-17 09:32:44 -Context refreshed
2019-05-17 09:32:44 -Found 1 custom documentation plugin(s)
2019-05-17 09:32:44 -Scanning for api listing references
2019-05-17 09:32:44 -Generating unique operation named: userInfoUsingGET_1
2019-05-17 09:32:44 -Starting ProtocolHandler ["http-nio-8080"]
2019-05-17 09:32:44 -Using a shared selector for servlet write/read
2019-05-17 09:32:44 -Tomcat started on port(s): 8080 (http) with context path '/api'
2019-05-17 09:32:44 -Started ApiApplication in 5.005 seconds (JVM running for 6.151)
2019-05-17 09:33:28 -Initializing Spring FrameworkServlet 'dispatcherServlet'
2019-05-17 09:33:28 -FrameworkServlet 'dispatcherServlet': initialization started
2019-05-17 09:33:28 -FrameworkServlet 'dispatcherServlet': initialization completed in 32 ms
2019-05-17 14:02:29 -Closing org.springframework.boot.web.servlet.context.AnnotationConfigServletWebServerApplicationContext@fde75f: startup date [Fri May 17 09:32:40 CST 2019]; root of context hierarchy
2019-05-17 14:02:29 -Stopping beans in phase 2147483647
2019-05-17 14:02:29 -Unregistering JMX-exposed beans on shutdown
2019-05-17 14:02:29 -Unregistering JMX-exposed beans
